/home/wkj/.rvm/rubies/ruby-1.9.2-p180/bin/ruby extconf.rb
checking for main() in -lfuse... yes
creating Makefile

make
gcc -I. -I/home/wkj/.rvm/rubies/ruby-1.9.2-p180/include/ruby-1.9.1/i686-linux -I/home/wkj/.rvm/rubies/ruby-1.9.2-p180/include/ruby-1.9.1/ruby/backward -I/home/wkj/.rvm/rubies/ruby-1.9.2-p180/include/ruby-1.9.1 -I. -D_FILE_OFFSET_BITS=64  -fPIC -O3 -ggdb -Wextra -Wno-unused-parameter -Wno-parentheses -Wpointer-arith -Wwrite-strings -Wno-missing-field-initializers -Wno-long-long  -fPIC -Wall -Werror -D_FILE_OFFSET_BITS=64 -DFUSE_USE_VERSION=26  -o intern_rfuse.o -c intern_rfuse.c
gcc -I. -I/home/wkj/.rvm/rubies/ruby-1.9.2-p180/include/ruby-1.9.1/i686-linux -I/home/wkj/.rvm/rubies/ruby-1.9.2-p180/include/ruby-1.9.1/ruby/backward -I/home/wkj/.rvm/rubies/ruby-1.9.2-p180/include/ruby-1.9.1 -I. -D_FILE_OFFSET_BITS=64  -fPIC -O3 -ggdb -Wextra -Wno-unused-parameter -Wno-parentheses -Wpointer-arith -Wwrite-strings -Wno-missing-field-initializers -Wno-long-long  -fPIC -Wall -Werror -D_FILE_OFFSET_BITS=64 -DFUSE_USE_VERSION=26  -o rfuse.o -c rfuse.c
cc1: warnings being treated as errors
rfuse.c: In function ‘unsafe_return_error’:
rfuse.c:43: error: passing argument 1 of ‘rb_respond_to’ makes integer from pointer without a cast
/home/wkj/.rvm/rubies/ruby-1.9.2-p180/include/ruby-1.9.1/ruby/intern.h:285: note: expected ‘VALUE’ but argument is of type ‘VALUE (*)()’
rfuse.c:45: error: passing argument 1 of ‘rb_funcall’ makes integer from pointer without a cast
/home/wkj/.rvm/rubies/ruby-1.9.2-p180/include/ruby-1.9.1/ruby/ruby.h:1107: note: expected ‘VALUE’ but argument is of type ‘VALUE (*)()’
rfuse.c:48: error: passing argument 1 of ‘rb_inspect’ makes integer from pointer without a cast
/home/wkj/.rvm/rubies/ruby-1.9.2-p180/include/ruby-1.9.1/ruby/intern.h:458: note: expected ‘VALUE’ but argument is of type ‘VALUE (*)()’
rfuse.c:51: error: passing argument 1 of ‘rb_funcall’ makes integer from pointer without a cast
/home/wkj/.rvm/rubies/ruby-1.9.2-p180/include/ruby-1.9.1/ruby/ruby.h:1107: note: expected ‘VALUE’ but argument is of type ‘VALUE (*)()’
rfuse.c:53: error: ‘struct RArray’ has no member named ‘len’
rfuse.c:54: error: ‘struct RArray’ has no member named ‘ptr’
make: *** [rfuse.o] Error 1
